c:\users\dima\source\repos\oop-laba\oop-laba\debug\main.h.ifc
c:\users\dima\source\repos\oop-laba\oop-laba\debug\main.h.ifc.d.json
c:\users\dima\source\repos\oop-laba\oop-laba\debug\main.h.obj
c:\users\dima\source\repos\oop-laba\oop-laba\debug\vc142.pdb
c:\users\dima\source\repos\oop-laba\oop-laba\debug\vc142.idb
c:\users\dima\source\repos\oop-laba\oop-laba\debug\main.obj
c:\users\dima\source\repos\oop-laba\debug\oop-laba.exe
c:\users\dima\source\repos\oop-laba\oop-laba\debug\oop-laba.ilk
c:\users\dima\source\repos\oop-laba\debug\oop-laba.pdb
c:\users\dima\source\repos\oop-laba\debug\oop-laba.lib
c:\users\dima\source\repos\oop-laba\debug\oop-laba.exp
c:\users\dima\source\repos\oop-laba\oop-laba\debug\main.h.module.json
c:\users\dima\source\repos\oop-laba\oop-laba\debug\oop-laba.tlog\cl.command.1.tlog
c:\users\dima\source\repos\oop-laba\oop-laba\debug\oop-laba.tlog\cl.read.1.tlog
c:\users\dima\source\repos\oop-laba\oop-laba\debug\oop-laba.tlog\cl.write.1.tlog
c:\users\dima\source\repos\oop-laba\oop-laba\debug\oop-laba.tlog\link.command.1.tlog
c:\users\dima\source\repos\oop-laba\oop-laba\debug\oop-laba.tlog\link.read.1.tlog
c:\users\dima\source\repos\oop-laba\oop-laba\debug\oop-laba.tlog\link.write.1.tlog
c:\users\dima\source\repos\oop-laba\oop-laba\debug\oop-laba.tlog\oop-laba.write.1u.tlog
c:\users\dima\source\repos\oop-laba\oop-laba\debug\oop-laba_md.tlog\cl.command.1.tlog
c:\users\dima\source\repos\oop-laba\oop-laba\debug\oop-laba_md.tlog\microsoft.build.cpptasks.cl.read.1.tlog
c:\users\dima\source\repos\oop-laba\oop-laba\debug\oop-laba_md.tlog\microsoft.build.cpptasks.cl.write.1.tlog
